* using log directory 'C:/Users/Matze/Documents/GitHub/Interval_Projects/intervalpsych/intervalpsych.Rcheck'
* using R version 4.4.2 (2024-10-31 ucrt)
* using platform: x86_64-w64-mingw32
* R was compiled by
    gcc.exe (GCC) 13.3.0
    GNU Fortran (GCC) 13.3.0
* running under: Windows 10 x64 (build 19045)
* using session charset: UTF-8
* using options '--no-manual --as-cran'
* checking for file 'intervalpsych/DESCRIPTION' ... OK
* this is package 'intervalpsych' version '0.0.0.9000'
* package encoding: UTF-8
* checking package namespace information ... OK
* checking package dependencies ... OK
* checking if this is a source package ... OK
* checking if there is a namespace ... OK
* checking for executable files ... OK
* checking for hidden files and directories ... OK
* checking for portable file names ... OK
* checking serialization versions ... OK
* checking whether package 'intervalpsych' can be installed ... [143s] OK
* used C++ compiler: 'g++.exe (GCC) 13.3.0'
* checking C++ specification ... OK
  Not all R platforms support C++17
* checking installed package size ... NOTE
  installed size is  6.9Mb
  sub-directories of 1Mb or more:
    data   4.2Mb
    libs   2.5Mb
* checking package directory ... OK
* checking for future file timestamps ... OK
* checking DESCRIPTION meta-information ... OK
* checking top-level files ... OK
* checking for left-over files ... OK
* checking index information ... OK
* checking package subdirectories ... OK
* checking code files for non-ASCII characters ... OK
* checking R files for syntax errors ... OK
* checking whether the package can be loaded ... OK
* checking whether the package can be loaded with stated dependencies ... OK
* checking whether the package can be unloaded cleanly ... OK
* checking whether the namespace can be loaded with stated dependencies ... OK
* checking whether the namespace can be unloaded cleanly ... OK
* checking loading without being on the library search path ... OK
* checking dependencies in R code ... OK
* checking S3 generic/method consistency ... OK
* checking replacement functions ... OK
* checking foreign function calls ... OK
* checking R code for possible problems ... [19s] OK
* checking Rd files ... OK
* checking Rd metadata ... OK
* checking Rd line widths ... OK
* checking Rd cross-references ... OK
* checking for missing documentation entries ... WARNING
Undokumentierte Datensätze:
  'extraversion'
All user-level objects in a package should have documentation entries.
See chapter 'Writing R documentation files' in the 'Writing R
Extensions' manual.
* checking for code/documentation mismatches ... OK
* checking Rd \usage sections ... OK
* checking Rd contents ... OK
* checking for unstated dependencies in examples ... OK
* checking contents of 'data' directory ... WARNING
Files not of a type allowed in a 'data' directory:
  'cleaned_wide_df.rds'
Please use e.g. 'inst/extdata' for non-R data files

* checking data for non-ASCII characters ... WARNING
  Warning: found non-ASCII strings
  '<c3><bc>berhaupt nicht' in object 'extraversion'
  'durchsetzungsf<c3><a4>hig' in object 'extraversion'
  'durchsetzungsf<c3><a4>hig (Zweiter Regler)' in object 'extraversion'
  'fr<c3><b6>hlich' in object 'extraversion'
  'fr<c3><b6>hlich (Zweiter Regler)' in object 'extraversion'
  'gespr<c3><a4>chig' in object 'extraversion'
  'gespr<c3><a4>chig (Zweiter Regler)' in object 'extraversion'
  'tatkr<c3><a4>ftig' in object 'extraversion'
  'tatkr<c3><a4>ftig (Zweiter Regler)' in object 'extraversion'
  '<c3><bc>berzeugend' in object 'extraversion'
  '<c3><bc>berzeugend (Zweiter Regler)' in object 'extraversion'
  '<c3><a4>ngstlich (Zweiter Regler)' in object 'extraversion'
  '<c3><a4>ngstlich' in object 'extraversion'
  'm<c3><bc>rrisch (Zweiter Regler)' in object 'extraversion'
  'm<c3><bc>rrisch' in object 'extraversion'
  'sch<c3><bc>chtern (Zweiter Regler)' in object 'extraversion'
  'sch<c3><bc>chtern' in object 'extraversion'
  'zur<c3><bc>ckgezogen (Zweiter Regler)' in object 'extraversion'
  'zur<c3><bc>ckgezogen' in object 'extraversion'
  'zur<c3><bc>ckhaltend (Zweiter Regler)' in object 'extraversion'
  'zur<c3><bc>ckhaltend' in object 'extraversion'
* checking data for ASCII and uncompressed saves ... OK
* checking line endings in shell scripts ... OK
* checking line endings in C/C++/Fortran sources/headers ... OK
* checking use of PKG_*FLAGS in Makefiles ... OK
* checking use of SHLIB_OPENMP_*FLAGS in Makefiles ... OK
* checking pragmas in C/C++ headers and code ... OK
* checking compilation flags used ... NOTE
Compilation used the following non-portable flag(s):
  '-Wa,-mbig-obj'
* checking compiled code ... OK
* checking examples ... OK
* checking for non-standard things in the check directory ... OK
* checking for detritus in the temp directory ... OK
* DONE
Status: 3 WARNINGs, 2 NOTEs
